16:00:56 :: DEBUG :: |
|
16:00:56 :: DEBUG :: fantom answers
16:00:56 :: DEBUG :: question type ----- select character
16:00:56 :: DEBUG :: data -------------- [{'color': 'red', 'suspect': True, 'position': 2, 'power': False}, {'color': 'grey', 'suspect': True, 'position': 2, 'power': False}, {'color': 'black', 'suspect': True, 'position': 9, 'power': False}]
16:00:56 :: DEBUG :: response index ---- 0
16:00:56 :: DEBUG :: response ---------- {'color': 'red', 'suspect': True, 'position': 2, 'power': False}
16:00:56 :: DEBUG :: |
|
16:00:56 :: DEBUG :: fantom answers
16:00:56 :: DEBUG :: question type ----- select position
16:00:56 :: DEBUG :: data -------------- [0, 1, 3, 4, 6, 7, 9]
16:00:56 :: DEBUG :: response index ---- 3
16:00:56 :: DEBUG :: response ---------- 4
16:00:56 :: DEBUG :: |
|
16:00:56 :: DEBUG :: fantom answers
16:00:56 :: DEBUG :: question type ----- select character
16:00:56 :: DEBUG :: data -------------- [{'color': 'grey', 'suspect': True, 'position': 2, 'power': False}, {'color': 'black', 'suspect': True, 'position': 9, 'power': False}]
16:00:56 :: DEBUG :: response index ---- 1
16:00:56 :: DEBUG :: response ---------- {'color': 'black', 'suspect': True, 'position': 9, 'power': False}
16:00:56 :: DEBUG :: |
|
16:00:56 :: DEBUG :: fantom answers
16:00:56 :: DEBUG :: question type ----- select position
16:00:56 :: DEBUG :: data -------------- [8, 7]
16:00:56 :: DEBUG :: response index ---- 1
16:00:56 :: DEBUG :: response ---------- 7
16:00:56 :: DEBUG :: |
|
16:00:56 :: DEBUG :: fantom answers
16:00:56 :: DEBUG :: question type ----- activate black power
16:00:56 :: DEBUG :: data -------------- [0, 1]
16:00:56 :: DEBUG :: response index ---- 0
16:00:56 :: DEBUG :: response ---------- 0
16:00:56 :: DEBUG :: |
|
16:00:56 :: DEBUG :: fantom answers
16:00:56 :: DEBUG :: question type ----- select character
16:00:56 :: DEBUG :: data -------------- [{'color': 'white', 'suspect': False, 'position': 0, 'power': False}, {'color': 'blue', 'suspect': False, 'position': 4, 'power': False}, {'color': 'purple', 'suspect': False, 'position': 0, 'power': False}, {'color': 'pink', 'suspect': True, 'position': 2, 'power': False}]
16:00:56 :: DEBUG :: response index ---- 2
16:00:56 :: DEBUG :: response ---------- {'color': 'purple', 'suspect': False, 'position': 0, 'power': False}
16:00:56 :: DEBUG :: |
|
16:00:56 :: DEBUG :: fantom answers
16:00:56 :: DEBUG :: question type ----- activate purple power
16:00:56 :: DEBUG :: data -------------- [0, 1]
16:00:56 :: DEBUG :: response index ---- 0
16:00:56 :: DEBUG :: response ---------- 0
16:00:56 :: DEBUG :: |
|
16:00:56 :: DEBUG :: fantom answers
16:00:56 :: DEBUG :: question type ----- select position
16:00:56 :: DEBUG :: data -------------- [1, 2, 4, 8]
16:00:56 :: DEBUG :: response index ---- 0
16:00:56 :: DEBUG :: response ---------- 1
16:00:56 :: DEBUG :: |
|
16:00:56 :: DEBUG :: fantom answers
16:00:56 :: DEBUG :: question type ----- select character
16:00:56 :: DEBUG :: data -------------- [{'color': 'blue', 'suspect': False, 'position': 4, 'power': False}]
16:00:56 :: DEBUG :: response index ---- 0
16:00:56 :: DEBUG :: response ---------- {'color': 'blue', 'suspect': False, 'position': 4, 'power': False}
16:00:56 :: DEBUG :: |
|
16:00:56 :: DEBUG :: fantom answers
16:00:56 :: DEBUG :: question type ----- select position
16:00:56 :: DEBUG :: data -------------- [0, 1, 2, 3, 6, 7, 8, 9]
16:00:56 :: DEBUG :: response index ---- 5
16:00:56 :: DEBUG :: response ---------- 7
16:00:56 :: DEBUG :: |
|
16:00:56 :: DEBUG :: fantom answers
16:00:56 :: DEBUG :: question type ----- blue character power room
16:00:56 :: DEBUG :: data -------------- [0, 1, 2, 3, 4, 5, 6, 7, 8, 9]
16:00:56 :: DEBUG :: response index ---- 1
16:00:56 :: DEBUG :: response ---------- 1
16:00:56 :: DEBUG :: |
|
16:00:56 :: DEBUG :: fantom answers
16:00:56 :: DEBUG :: question type ----- blue character power exit
16:00:56 :: DEBUG :: data -------------- [0, 2]
16:00:56 :: DEBUG :: response index ---- 1
16:00:56 :: DEBUG :: response ---------- 2
16:00:56 :: DEBUG :: |
|
16:00:56 :: DEBUG :: fantom answers
16:00:56 :: DEBUG :: question type ----- select character
16:00:56 :: DEBUG :: data -------------- [{'color': 'grey', 'suspect': True, 'position': 3, 'power': False}, {'color': 'black', 'suspect': False, 'position': 7, 'power': False}, {'color': 'white', 'suspect': False, 'position': 4, 'power': False}]
16:00:56 :: DEBUG :: response index ---- 0
16:00:56 :: DEBUG :: response ---------- {'color': 'grey', 'suspect': True, 'position': 3, 'power': False}
16:00:56 :: DEBUG :: |
|
16:00:56 :: DEBUG :: fantom answers
16:00:56 :: DEBUG :: question type ----- select position
16:00:56 :: DEBUG :: data -------------- [2, 7]
16:00:56 :: DEBUG :: response index ---- 1
16:00:56 :: DEBUG :: response ---------- 7
16:00:56 :: DEBUG :: |
|
16:00:56 :: DEBUG :: fantom answers
16:00:56 :: DEBUG :: question type ----- grey character power
16:00:56 :: DEBUG :: data -------------- [0, 1, 2, 3, 4, 5, 7, 8, 9]
16:00:56 :: DEBUG :: response index ---- 4
16:00:56 :: DEBUG :: response ---------- 4
16:00:56 :: DEBUG :: |
|
16:00:56 :: DEBUG :: fantom answers
16:00:56 :: DEBUG :: question type ----- select character
16:00:56 :: DEBUG :: data -------------- [{'color': 'black', 'suspect': False, 'position': 7, 'power': False}, {'color': 'white', 'suspect': False, 'position': 4, 'power': False}]
16:00:56 :: DEBUG :: response index ---- 1
16:00:56 :: DEBUG :: response ---------- {'color': 'white', 'suspect': False, 'position': 4, 'power': False}
16:00:56 :: DEBUG :: |
|
16:00:56 :: DEBUG :: fantom answers
16:00:56 :: DEBUG :: question type ----- select position
16:00:56 :: DEBUG :: data -------------- [0, 1, 2, 5, 6, 7, 8, 9]
16:00:56 :: DEBUG :: response index ---- 3
16:00:56 :: DEBUG :: response ---------- 5
16:00:56 :: DEBUG :: |
|
16:00:56 :: DEBUG :: fantom answers
16:00:56 :: DEBUG :: question type ----- activate white power
16:00:56 :: DEBUG :: data -------------- [0, 1]
16:00:56 :: DEBUG :: response index ---- 1
16:00:56 :: DEBUG :: response ---------- 1
