16:00:56 :: DEBUG :: |
|
16:00:56 :: DEBUG :: inspector answers
16:00:56 :: DEBUG :: question type ----- select character
16:00:56 :: DEBUG :: data -------------- [{'color': 'red', 'suspect': True, 'position': 2, 'power': False}, {'color': 'grey', 'suspect': True, 'position': 2, 'power': False}, {'color': 'brown', 'suspect': True, 'position': 2, 'power': False}, {'color': 'black', 'suspect': True, 'position': 9, 'power': False}]
16:00:56 :: DEBUG :: response index ---- 2
16:00:56 :: DEBUG :: response ---------- {'color': 'brown', 'suspect': True, 'position': 2, 'power': False}
16:00:56 :: DEBUG :: |
|
16:00:56 :: DEBUG :: inspector answers
16:00:56 :: DEBUG :: question type ----- activate brown power
16:00:56 :: DEBUG :: data -------------- [0, 1]
16:00:56 :: DEBUG :: response index ---- 0
16:00:56 :: DEBUG :: response ---------- 0
16:00:56 :: DEBUG :: |
|
16:00:56 :: DEBUG :: inspector answers
16:00:56 :: DEBUG :: question type ----- select position
16:00:56 :: DEBUG :: data -------------- [0, 1, 3, 4, 5, 6, 7, 8, 9]
16:00:56 :: DEBUG :: response index ---- 3
16:00:56 :: DEBUG :: response ---------- 4
16:00:56 :: DEBUG :: |
|
16:00:56 :: DEBUG :: inspector answers
16:00:56 :: DEBUG :: question type ----- select character
16:00:56 :: DEBUG :: data -------------- [{'color': 'grey', 'suspect': True, 'position': 2, 'power': False}]
16:00:56 :: DEBUG :: response index ---- 0
16:00:56 :: DEBUG :: response ---------- {'color': 'grey', 'suspect': True, 'position': 2, 'power': False}
16:00:56 :: DEBUG :: |
|
16:00:56 :: DEBUG :: inspector answers
16:00:56 :: DEBUG :: question type ----- select position
16:00:56 :: DEBUG :: data -------------- [0, 1, 3, 7]
16:00:56 :: DEBUG :: response index ---- 2
16:00:56 :: DEBUG :: response ---------- 3
16:00:56 :: DEBUG :: |
|
16:00:56 :: DEBUG :: inspector answers
16:00:56 :: DEBUG :: question type ----- grey character power
16:00:56 :: DEBUG :: data -------------- [0, 1, 3, 4, 5, 6, 7, 8, 9]
16:00:56 :: DEBUG :: response index ---- 5
16:00:56 :: DEBUG :: response ---------- 6
16:00:56 :: DEBUG :: |
|
16:00:56 :: DEBUG :: inspector answers
16:00:56 :: DEBUG :: question type ----- select character
16:00:56 :: DEBUG :: data -------------- [{'color': 'white', 'suspect': False, 'position': 0, 'power': False}, {'color': 'blue', 'suspect': False, 'position': 4, 'power': False}, {'color': 'pink', 'suspect': True, 'position': 2, 'power': False}]
16:00:56 :: DEBUG :: response index ---- 2
16:00:56 :: DEBUG :: response ---------- {'color': 'pink', 'suspect': True, 'position': 2, 'power': False}
16:00:56 :: DEBUG :: |
|
16:00:56 :: DEBUG :: inspector answers
16:00:56 :: DEBUG :: question type ----- select position
16:00:56 :: DEBUG :: data -------------- [1, 3, 6]
16:00:56 :: DEBUG :: response index ---- 2
16:00:56 :: DEBUG :: response ---------- 6
16:00:56 :: DEBUG :: |
|
16:00:56 :: DEBUG :: inspector answers
16:00:56 :: DEBUG :: question type ----- select character
16:00:56 :: DEBUG :: data -------------- [{'color': 'white', 'suspect': False, 'position': 0, 'power': False}, {'color': 'blue', 'suspect': False, 'position': 4, 'power': False}]
16:00:56 :: DEBUG :: response index ---- 0
16:00:56 :: DEBUG :: response ---------- {'color': 'white', 'suspect': False, 'position': 0, 'power': False}
16:00:56 :: DEBUG :: |
|
16:00:56 :: DEBUG :: inspector answers
16:00:56 :: DEBUG :: question type ----- select position
16:00:56 :: DEBUG :: data -------------- [1, 4]
16:00:56 :: DEBUG :: response index ---- 1
16:00:56 :: DEBUG :: response ---------- 4
16:00:56 :: DEBUG :: |
|
16:00:56 :: DEBUG :: inspector answers
16:00:56 :: DEBUG :: question type ----- activate white power
16:00:56 :: DEBUG :: data -------------- [0, 1]
16:00:56 :: DEBUG :: response index ---- 0
16:00:56 :: DEBUG :: response ---------- 0
16:00:56 :: DEBUG :: |
|
16:00:56 :: DEBUG :: inspector answers
16:00:56 :: DEBUG :: question type ----- select character
16:00:56 :: DEBUG :: data -------------- [{'color': 'grey', 'suspect': True, 'position': 3, 'power': False}, {'color': 'black', 'suspect': False, 'position': 7, 'power': False}, {'color': 'white', 'suspect': False, 'position': 4, 'power': False}, {'color': 'blue', 'suspect': False, 'position': 7, 'power': False}]
16:00:56 :: DEBUG :: response index ---- 3
16:00:56 :: DEBUG :: response ---------- {'color': 'blue', 'suspect': False, 'position': 7, 'power': False}
16:00:56 :: DEBUG :: |
|
16:00:56 :: DEBUG :: inspector answers
16:00:56 :: DEBUG :: question type ----- select position
16:00:56 :: DEBUG :: data -------------- [2, 3, 5, 6, 8, 9]
16:00:56 :: DEBUG :: response index ---- 4
16:00:56 :: DEBUG :: response ---------- 8
16:00:56 :: DEBUG :: |
|
16:00:56 :: DEBUG :: inspector answers
16:00:56 :: DEBUG :: question type ----- blue character power room
16:00:56 :: DEBUG :: data -------------- [0, 1, 2, 3, 4, 5, 6, 7, 8, 9]
16:00:56 :: DEBUG :: response index ---- 6
16:00:56 :: DEBUG :: response ---------- 6
16:00:56 :: DEBUG :: |
|
16:00:56 :: DEBUG :: inspector answers
16:00:56 :: DEBUG :: question type ----- blue character power exit
16:00:56 :: DEBUG :: data -------------- [5, 7]
16:00:56 :: DEBUG :: response index ---- 1
16:00:56 :: DEBUG :: response ---------- 7
16:00:56 :: DEBUG :: |
|
16:00:56 :: DEBUG :: inspector answers
16:00:56 :: DEBUG :: question type ----- select character
16:00:56 :: DEBUG :: data -------------- [{'color': 'black', 'suspect': False, 'position': 7, 'power': False}]
16:00:56 :: DEBUG :: response index ---- 0
16:00:56 :: DEBUG :: response ---------- {'color': 'black', 'suspect': False, 'position': 7, 'power': False}
16:00:56 :: DEBUG :: |
|
16:00:56 :: DEBUG :: inspector answers
16:00:56 :: DEBUG :: question type ----- select position
16:00:56 :: DEBUG :: data -------------- [2, 3, 8, 9]
16:00:56 :: DEBUG :: response index ---- 1
16:00:56 :: DEBUG :: response ---------- 3
16:00:56 :: DEBUG :: |
|
16:00:56 :: DEBUG :: inspector answers
16:00:56 :: DEBUG :: question type ----- activate black power
16:00:56 :: DEBUG :: data -------------- [0, 1]
16:00:56 :: DEBUG :: response index ---- 1
16:00:56 :: DEBUG :: response ---------- 1
